<?xml version='1.0' encoding='utf-8'?>
<!DOCTYPE hibernate-configuration PUBLIC "-//Hibernate/Hibernate Configuration DTD 3.0//EN"   "http://www.hibernate.org/dtd/hibernate-configuration-3.0.dtd">

<hibernate-configuration>

	<session-factory>
		<property name="connection.pool_size">5</property>

				<!-- SQL dialect -->
		<property name="dialect">org.hibernate.dialect.HSQLDialect</property>

		<!-- Enable Hibernate's automatic session context management -->
		<property name="current_session_context_class">thread</property>

		<!-- Disable the second-level cache -->
		<property name="cache.provider_class">
			org.hibernate.cache.NoCacheProvider
		</property>

		<!-- Display all generated SQL to stdout -->
		<!-- Echo alla executed sql to stdout -->
		<property name="show_sql">true</property>
		<property name="format_sql">true</property>
		<property name="use_sql_comments">true</property>

		<!-- Enable Hibernate's automatic session context management -->
		<!-- Use thread-bound persistence context propagation, scoped to the transaction -->

		<property name="current_session_context_class">thread</property>

		<!-- ATTENZIONE: mettendo "create" le tabelle vengono CANCELLATE!!! -->
		<!-- Drop and re-create the database schema on startup -->
		<property name="hbm2ddl.auto">create</property>


		<mapping class="com.infosys.odcAccess.dto.Employee" />
		<mapping class="com.infosys.odcAccess.dto.EmployeeDevCenter" />
		<mapping class="com.infosys.odcAccess.dto.DevelopmentCenter" />				
		<mapping class="com.infosys.odcAccess.dto.Privilege" />
		

	</session-factory>

</hibernate-configuration>